<?xml version="1.0" encoding="UTF-8"?>
<!-- Generated by org.testng.reporters.JUnitReportReporter -->
<testsuite hostname="sreenu" failures="0" tests="1" name="cmcoretest.Verifyurl" time="30.517" errors="0" timestamp="19 Mar 2022 12:06:52 GMT" skipped="0">
  <testcase classname="cmcoretest.Verifyurl" name="validateurl" time="30.517"/>
</testsuite> <!-- cmcoretest.Verifyurl -->
